[info] welcome to sbt 1.11.7 (Eclipse Adoptium Java 21.0.9)
[info] loading settings for project condensedchess-build from plugins.sbt...
[info] loading project definition from C:\Codes\CondensedChess\project
[info] loading settings for project root from build.sbt...
[info] set current project to root (in build file:/C:/Codes/CondensedChess/)
[info] Executing in batch mode. For better performance use sbt's shell
[info] set current project to scalachess (in build file:/C:/Codes/CondensedChess/)
[info] compiling 5 Scala sources to C:\Codes\CondensedChess\core\target\scala-3.7.4\classes ...
[error] -- Error: C:\Codes\CondensedChess\core\src\main\scala\analysis\AnalyzeDomain.scala:40:22 
[error] 40 |        shallowTimeMs = intEnv("ANALYZE_SHALLOW_MS", 200),
[error]    |        ^^^^^^^^^^^^^^^^^^^^^^^^^^^^^^^^^^^^^^^^^^^^^^^^^
[error]    |method apply in object EngineConfig: (shallowDepth: Int, deepDepth: Int, deepTimeMs: Int, maxMultiPv: Int,
[error]    |  extraDepthDelta: Int, extraTimeMs: Int):
[error]    |  chess.analysis.AnalyzeDomain.EngineConfig does not have a parameter shallowTimeMs
[error] -- [E008] Not Found Error: C:\Codes\CondensedChess\core\src\main\scala\analysis\TimelineBuilder.scala:27:111 
[error] 27 |      val evalBeforeShallow = EngineProbe.evalFen(client, fenBefore, config.shallowDepth, multiPv, Some(config.shallowTimeMs))
[error]    |                                                                                                        ^^^^^^^^^^^^^^^^^^^^
[error]    |value shallowTimeMs is not a member of chess.analysis.AnalyzeDomain.EngineConfig
[error] two errors found
[error] (Compile / compileIncremental) Compilation failed
[error] Total time: 7 s, completed 2025. 12. 4. 오후 2:06:22
