[info] welcome to sbt 1.11.7 (Eclipse Adoptium Java 21.0.9)
[info] loading settings for project condensedchess-build from plugins.sbt...
[info] loading project definition from C:\Codes\CondensedChess\project
[info] loading settings for project root from build.sbt...
[info] set current project to root (in build file:/C:/Codes/CondensedChess/)
[info] Executing in batch mode. For better performance use sbt's shell
[info] set current project to scalachess (in build file:/C:/Codes/CondensedChess/)
[info] compiling 5 Scala sources to C:\Codes\CondensedChess\core\target\scala-3.7.4\classes ...
[error] -- [E040] Syntax Error: C:\Codes\CondensedChess\core\src\main\scala\analysis\TimelineBuilder.scala:226:6 
[error] 226 |      )
[error]     |      ^
[error]     |      '}' expected, but ')' found
[error] -- [E040] Syntax Error: C:\Codes\CondensedChess\core\src\main\scala\analysis\TimelineBuilder.scala:259:4 
[error] 259 |    }
[error]     |    ^
[error]     |    unindent expected, but '}' found
[error] -- Error: C:\Codes\CondensedChess\core\src\main\scala\analysis\AnalyzeDomain.scala:41:19 
[error] 41 |        maxMultiPv = intEnv("ANALYZE_MAX_MULTIPV", 3),
[error]    |        ^^^^^^^^^^^^^^^^^^^^^^^^^^^^^^^^^^^^^^^^^^^^^
[error]    |method apply in object EngineConfig: (shallowDepth: Int, deepDepth: Int, shallowTimeMs: Int, deepTimeMs: Int,
[error]    |  extraTimeMs: Int): chess.analysis.AnalyzeDomain.EngineConfig does not have a parameter maxMultiPv
[error] -- Error: C:\Codes\CondensedChess\core\src\main\scala\analysis\AnalyzeDomain.scala:42:24 
[error] 42 |        extraDepthDelta = intEnv("ANALYZE_EXTRA_DEPTH_DELTA", 4),
[error]    |        ^^^^^^^^^^^^^^^^^^^^^^^^^^^^^^^^^^^^^^^^^^^^^^^^^^^^^^^^
[error]    |method apply in object EngineConfig: (shallowDepth: Int, deepDepth: Int, shallowTimeMs: Int, deepTimeMs: Int,
[error]    |  extraTimeMs: Int): chess.analysis.AnalyzeDomain.EngineConfig does not have a parameter extraDepthDelta
[error] -- [E008] Not Found Error: C:\Codes\CondensedChess\core\src\main\scala\analysis\CriticalDetector.scala:47:44 
[error] 47 |      val depth = config.deepDepth + config.extraDepthDelta
[error]    |                                     ^^^^^^^^^^^^^^^^^^^^^^
[error]    |value extraDepthDelta is not a member of chess.analysis.AnalyzeDomain.EngineConfig
[error] -- [E008] Not Found Error: C:\Codes\CondensedChess\core\src\main\scala\analysis\CriticalDetector.scala:64:66 
[error] 64 |          val extra = extraEval(ply.fenBefore, math.min(3, config.maxMultiPv)).lines
[error]    |                                                           ^^^^^^^^^^^^^^^^^
[error]    |value maxMultiPv is not a member of chess.analysis.AnalyzeDomain.EngineConfig
[error] -- [E008] Not Found Error: C:\Codes\CondensedChess\core\src\main\scala\analysis\CriticalDetector.scala:88:62 
[error] 88 |          val oppEval = extraEval(ply.fen, math.min(3, config.maxMultiPv))
[error]    |                                                       ^^^^^^^^^^^^^^^^^
[error]    |value maxMultiPv is not a member of chess.analysis.AnalyzeDomain.EngineConfig
[error] -- [E008] Not Found Error: C:\Codes\CondensedChess\core\src\main\scala\analysis\TimelineBuilder.scala:25:36 
[error] 25 |      val multiPv = math.min(config.maxMultiPv, math.max(1, legalCount))
[error]    |                             ^^^^^^^^^^^^^^^^^
[error]    |value maxMultiPv is not a member of chess.analysis.AnalyzeDomain.EngineConfig
[error] -- [E006] Not Found Error: C:\Codes\CondensedChess\core\src\main\scala\analysis\TimelineBuilder.scala:229:14 
[error] 229 |        ply = nextGame.ply,
[error]     |              ^^^^^^^^
[error]     |              Not found: nextGame
[error]     |
[error]     | longer explanation available when compiling with `-explain`
[error] -- [E006] Not Found Error: C:\Codes\CondensedChess\core\src\main\scala\analysis\TimelineBuilder.scala:230:15 
[error] 230 |        turn = player,
[error]     |               ^^^^^^
[error]     |               Not found: player
[error]     |
[error]     | longer explanation available when compiling with `-explain`
[error] -- [E006] Not Found Error: C:\Codes\CondensedChess\core\src\main\scala\analysis\TimelineBuilder.scala:231:14 
[error] 231 |        san = mod.toSanStr.value,
[error]     |              ^^^
[error]     |              Not found: mod
[error]     |
[error]     | longer explanation available when compiling with `-explain`
[error] -- [E006] Not Found Error: C:\Codes\CondensedChess\core\src\main\scala\analysis\TimelineBuilder.scala:232:14 
[error] 232 |        uci = mod.toUci.uci,
[error]     |              ^^^
[error]     |              Not found: mod
[error]     |
[error]     | longer explanation available when compiling with `-explain`
[error] -- [E006] Not Found Error: C:\Codes\CondensedChess\core\src\main\scala\analysis\TimelineBuilder.scala:233:14 
[error] 233 |        fen = fenAfter,
[error]     |              ^^^^^^^^
[error]     |              Not found: fenAfter
[error]     |
[error]     | longer explanation available when compiling with `-explain`
[error] -- [E006] Not Found Error: C:\Codes\CondensedChess\core\src\main\scala\analysis\TimelineBuilder.scala:234:20 
[error] 234 |        fenBefore = fenBefore,
[error]     |                    ^^^^^^^^^
[error]     |                    Not found: fenBefore
[error]     |
[error]     | longer explanation available when compiling with `-explain`
[error] -- [E006] Not Found Error: C:\Codes\CondensedChess\core\src\main\scala\analysis\TimelineBuilder.scala:235:21 
[error] 235 |        legalMoves = legalCount,
[error]     |                     ^^^^^^^^^^
[error]     |                     Not found: legalCount
[error]     |
[error]     | longer explanation available when compiling with `-explain`
[error] -- [E006] Not Found Error: C:\Codes\CondensedChess\core\src\main\scala\analysis\TimelineBuilder.scala:236:19 
[error] 236 |        features = moverFeatures,
[error]     |                   ^^^^^^^^^^^^^
[error]     |                   Not found: moverFeatures
[error]     |
[error]     | longer explanation available when compiling with `-explain`
[error] -- [E006] Not Found Error: C:\Codes\CondensedChess\core\src\main\scala\analysis\TimelineBuilder.scala:237:28 
[error] 237 |        evalBeforeShallow = evalBeforeShallow,
[error]     |                            ^^^^^^^^^^^^^^^^^
[error]     |                            Not found: evalBeforeShallow
[error]     |
[error]     | longer explanation available when compiling with `-explain`
[error] -- [E006] Not Found Error: C:\Codes\CondensedChess\core\src\main\scala\analysis\TimelineBuilder.scala:238:25 
[error] 238 |        evalBeforeDeep = evalBeforeDeep,
[error]     |                         ^^^^^^^^^^^^^^
[error]     |                         Not found: evalBeforeDeep
[error]     |
[error]     | longer explanation available when compiling with `-explain`
[error] -- [E006] Not Found Error: C:\Codes\CondensedChess\core\src\main\scala\analysis\TimelineBuilder.scala:239:23 
[error] 239 |        winPctBefore = winBefore,
[error]     |                       ^^^^^^^^^
[error]     |                       Not found: winBefore
[error]     |
[error]     | longer explanation available when compiling with `-explain`
[error] -- [E006] Not Found Error: C:\Codes\CondensedChess\core\src\main\scala\analysis\TimelineBuilder.scala:240:31 
[error] 240 |        winPctAfterForPlayer = winAfterForPlayer,
[error]     |                               ^^^^^^^^^^^^^^^^^
[error]     |                               Not found: winAfterForPlayer
[error]     |
[error]     | longer explanation available when compiling with `-explain`
[error] -- [E006] Not Found Error: C:\Codes\CondensedChess\core\src\main\scala\analysis\TimelineBuilder.scala:241:22 
[error] 241 |        deltaWinPct = delta,
[error]     |                      ^^^^^
[error]     |                      Not found: delta
[error]     |
[error]     | longer explanation available when compiling with `-explain`
[error] -- [E006] Not Found Error: C:\Codes\CondensedChess\core\src\main\scala\analysis\TimelineBuilder.scala:242:19 
[error] 242 |        epBefore = epBefore,
[error]     |                   ^^^^^^^^
[error]     |                   Not found: epBefore
[error]     |
[error]     | longer explanation available when compiling with `-explain`
[error] -- [E006] Not Found Error: C:\Codes\CondensedChess\core\src\main\scala\analysis\TimelineBuilder.scala:243:18 
[error] 243 |        epAfter = epAfter,
[error]     |                  ^^^^^^^
[error]     |                  Not found: epAfter
[error]     |
[error]     | longer explanation available when compiling with `-explain`
[error] -- [E006] Not Found Error: C:\Codes\CondensedChess\core\src\main\scala\analysis\TimelineBuilder.scala:244:17 
[error] 244 |        epLoss = epLoss,
[error]     |                 ^^^^^^
[error]     |                 Not found: epLoss
[error]     |
[error]     | longer explanation available when compiling with `-explain`
[error] -- [E006] Not Found Error: C:\Codes\CondensedChess\core\src\main\scala\analysis\TimelineBuilder.scala:245:20 
[error] 245 |        judgement = finalJudgement,
[error]     |                    ^^^^^^^^^^^^^^
[error]     |                    Not found: finalJudgement
[error]     |
[error]     | longer explanation available when compiling with `-explain`
[error] -- [E006] Not Found Error: C:\Codes\CondensedChess\core\src\main\scala\analysis\TimelineBuilder.scala:246:18 
[error] 246 |        special = special,
[error]     |                  ^^^^^^^
[error]     |                  Not found: special
[error]     |
[error]     | longer explanation available when compiling with `-explain`
[error] -- [E006] Not Found Error: C:\Codes\CondensedChess\core\src\main\scala\analysis\TimelineBuilder.scala:247:25 
[error] 247 |        conceptsBefore = conceptsBefore,
[error]     |                         ^^^^^^^^^^^^^^
[error]     |                         Not found: conceptsBefore
[error]     |
[error]     | longer explanation available when compiling with `-explain`
[error] -- [E006] Not Found Error: C:\Codes\CondensedChess\core\src\main\scala\analysis\TimelineBuilder.scala:248:19 
[error] 248 |        concepts = concepts,
[error]     |                   ^^^^^^^^
[error]     |                   Not found: concepts
[error]     |
[error]     | longer explanation available when compiling with `-explain`
[error] -- [E006] Not Found Error: C:\Codes\CondensedChess\core\src\main\scala\analysis\TimelineBuilder.scala:249:23 
[error] 249 |        conceptDelta = conceptDelta,
[error]     |                       ^^^^^^^^^^^^
[error]     |                       Not found: conceptDelta
[error]     |
[error]     | longer explanation available when compiling with `-explain`
[error] -- [E006] Not Found Error: C:\Codes\CondensedChess\core\src\main\scala\analysis\TimelineBuilder.scala:250:26 
[error] 250 |        bestVsSecondGap = bestVsSecondGap,
[error]     |                          ^^^^^^^^^^^^^^^
[error]     |                          Not found: bestVsSecondGap
[error]     |
[error]     | longer explanation available when compiling with `-explain`
[error] -- [E006] Not Found Error: C:\Codes\CondensedChess\core\src\main\scala\analysis\TimelineBuilder.scala:251:26 
[error] 251 |        bestVsPlayedGap = bestVsPlayedGap,
[error]     |                          ^^^^^^^^^^^^^^^
[error]     |                          Not found: bestVsPlayedGap
[error]     |
[error]     | longer explanation available when compiling with `-explain`
[error] -- [E006] Not Found Error: C:\Codes\CondensedChess\core\src\main\scala\analysis\TimelineBuilder.scala:252:23 
[error] 252 |        semanticTags = semanticTags,
[error]     |                       ^^^^^^^^^^^^
[error]     |                       Not found: semanticTags
[error]     |
[error]     | longer explanation available when compiling with `-explain`
[error] -- [E006] Not Found Error: C:\Codes\CondensedChess\core\src\main\scala\analysis\TimelineBuilder.scala:253:26 
[error] 253 |        mistakeCategory = mistakeCategory,
[error]     |                          ^^^^^^^^^^^^^^^
[error]     |                          Not found: mistakeCategory
[error]     |
[error]     | longer explanation available when compiling with `-explain`
[error] -- [E006] Not Found Error: C:\Codes\CondensedChess\core\src\main\scala\analysis\TimelineBuilder.scala:254:21 
[error] 254 |        phaseLabel = phaseLabel,
[error]     |                     ^^^^^^^^^^
[error]     |                     Not found: phaseLabel
[error]     |
[error]     | longer explanation available when compiling with `-explain`
[error] -- [E006] Not Found Error: C:\Codes\CondensedChess\core\src\main\scala\analysis\TimelineBuilder.scala:257:13 
[error] 257 |      game = nextGame
[error]     |             ^^^^^^^^
[error]     |             Not found: nextGame
[error]     |
[error]     | longer explanation available when compiling with `-explain`
[error] -- [E006] Not Found Error: C:\Codes\CondensedChess\core\src\main\scala\analysis\TimelineBuilder.scala:258:24 
[error] 258 |      prevDeltaForOpp = delta
[error]     |                        ^^^^^
[error]     |                        Not found: delta
[error]     |
[error]     | longer explanation available when compiling with `-explain`
[error] 36 errors found
[error] (Compile / compileIncremental) Compilation failed
[error] Total time: 9 s, completed 2025. 12. 4. 오후 2:02:51
