[info] welcome to sbt 1.11.7 (Eclipse Adoptium Java 21.0.9)
[info] loading settings for project condensedchess-build from plugins.sbt...
#
# A fatal error has been detected by the Java Runtime Environment:
#
#  EXCEPTION_ACCESS_VIOLATION (0xc0000005) at pc=0x00007fff74b6fd6f, pid=2864, tid=5056
#
# JRE version: OpenJDK Runtime Environment Temurin-21.0.9+10 (21.0.9+10) (build 21.0.9+10-LTS)
# Java VM: OpenJDK 64-Bit Server VM Temurin-21.0.9+10 (21.0.9+10-LTS, mixed mode, sharing, tiered, compressed oops, compressed class ptrs, g1 gc, windows-amd64)
# Problematic frame:
# V  [jvm.dll+0x24fd6f]
#
# No core dump will be written. Minidumps are not enabled by default on client versions of Windows
#
# An error report file with more information is saved as:
# C:\Codes\CondensedChess\hs_err_pid2864.log
#
# Compiler replay data is saved as:
# C:\Codes\CondensedChess\replay_pid2864.log
#
# If you would like to submit a bug report, please visit:
#   https://github.com/adoptium/adoptium-support/issues
#
